<?xml version="1.0" encoding="UTF-8"?>
<!-- Generated by org.testng.reporters.JUnitXMLReporter -->
<testsuite ignored="0" hostname="DESKTOP-9J9Q35M" failures="1" tests="1" name="Test" time="18.663" errors="0" timestamp="2023-08-28T12:57:42 IST">
  <testcase classname="com.loginTest.Test1" name="VerifyLogin" time="15.84">
    <failure type="java.lang.AssertionError" message="expected [ABC] but found [Facebook]">
      <![CDATA[java.lang.AssertionError: expected [ABC] but found [Facebook]
at com.loginTest.Test1.VerifyLogin(Test1.java:35)
at java.base/java.util.ArrayList.forEach(ArrayList.java:1511)
... Removed 31 stack frames]]>
    </failure>
  </testcase> <!-- VerifyLogin -->
</testsuite> <!-- Test -->
